<?xml version="1.0" encoding="UTF-8"?>
<coverage generated="1757572151908" clover="3.2.0">
  <project timestamp="1757572151908" name="All files">
    <metrics statements="51" coveredstatements="44" conditionals="21" coveredconditionals="15" methods="13" coveredmethods="13" elements="85" coveredelements="72" complexity="0" loc="51" ncloc="51" packages="2" files="4" classes="4"/>
    <package name="__tests__.helpers">
      <metrics statements="11" coveredstatements="11" conditionals="0" coveredconditionals="0" methods="7" coveredmethods="7"/>
      <file name="mockRes.js" path="/Users/kylebenavides/pipe-track/server/__tests__/helpers/mockRes.js">
        <metrics statements="11" coveredstatements="11" conditionals="0" coveredconditionals="0" methods="7" coveredmethods="7"/>
        <line num="1" count="3" type="stmt"/>
        <line num="2" count="13" type="stmt"/>
        <line num="3" count="13" type="stmt"/>
        <line num="4" count="13" type="stmt"/>
        <line num="5" count="13" type="stmt"/>
        <line num="6" count="13" type="stmt"/>
        <line num="7" count="13" type="stmt"/>
        <line num="8" count="13" type="stmt"/>
        <line num="9" count="13" type="stmt"/>
        <line num="10" count="13" type="stmt"/>
        <line num="11" count="13" type="stmt"/>
      </file>
    </package>
    <package name="controllers">
      <metrics statements="40" coveredstatements="33" conditionals="21" coveredconditionals="15" methods="6" coveredmethods="6"/>
      <file name="authController.js" path="/Users/kylebenavides/pipe-track/server/controllers/authController.js">
        <metrics statements="21" coveredstatements="19" conditionals="10" coveredconditionals="9" methods="3" coveredmethods="3"/>
        <line num="1" count="1" type="stmt"/>
        <line num="2" count="1" type="stmt"/>
        <line num="5" count="2" type="cond" truecount="1" falsecount="1"/>
        <line num="6" count="2" type="stmt"/>
        <line num="7" count="2" type="stmt"/>
        <line num="8" count="2" type="cond" truecount="4" falsecount="0"/>
        <line num="9" count="1" type="stmt"/>
        <line num="12" count="1" type="stmt"/>
        <line num="19" count="1" type="stmt"/>
        <line num="26" count="1" type="stmt"/>
        <line num="28" count="0" type="stmt"/>
        <line num="29" count="0" type="stmt"/>
        <line num="34" count="1" type="stmt"/>
        <line num="39" count="1" type="stmt"/>
        <line num="43" count="3" type="cond" truecount="2" falsecount="0"/>
        <line num="44" count="3" type="cond" truecount="2" falsecount="0"/>
        <line num="45" count="2" type="stmt"/>
        <line num="46" count="2" type="stmt"/>
        <line num="47" count="1" type="stmt"/>
        <line num="49" count="1" type="stmt"/>
        <line num="53" count="1" type="stmt"/>
      </file>
      <file name="barcodesController.js" path="/Users/kylebenavides/pipe-track/server/controllers/barcodesController.js">
        <metrics statements="10" coveredstatements="8" conditionals="5" coveredconditionals="5" methods="1" coveredmethods="1"/>
        <line num="1" count="1" type="stmt"/>
        <line num="5" count="2" type="cond" truecount="3" falsecount="0"/>
        <line num="6" count="2" type="cond" truecount="2" falsecount="0"/>
        <line num="7" count="1" type="stmt"/>
        <line num="8" count="1" type="stmt"/>
        <line num="16" count="1" type="stmt"/>
        <line num="17" count="1" type="stmt"/>
        <line num="19" count="0" type="stmt"/>
        <line num="20" count="0" type="stmt"/>
        <line num="25" count="1" type="stmt"/>
      </file>
      <file name="jobsController.js" path="/Users/kylebenavides/pipe-track/server/controllers/jobsController.js">
        <metrics statements="9" coveredstatements="6" conditionals="6" coveredconditionals="1" methods="2" coveredmethods="2"/>
        <line num="1" count="1" type="stmt"/>
        <line num="5" count="1" type="stmt"/>
        <line num="6" count="0" type="stmt"/>
        <line num="11" count="1" type="stmt"/>
        <line num="12" count="1" type="cond" truecount="1" falsecount="1"/>
        <line num="13" count="1" type="stmt"/>
        <line num="15" count="0" type="cond" truecount="0" falsecount="4"/>
        <line num="16" count="0" type="stmt"/>
        <line num="21" count="1" type="stmt"/>
      </file>
    </package>
  </project>
</coverage>
