TN:
SF:__tests__/helpers/mockRes.js
FN:1,makeRes
FN:5,(anonymous_1)
FN:6,(anonymous_2)
FN:7,(anonymous_3)
FN:8,(anonymous_4)
FN:9,(anonymous_5)
FN:10,(anonymous_6)
FNF:7
FNH:7
FNDA:13,makeRes
FNDA:5,(anonymous_1)
FNDA:1,(anonymous_2)
FNDA:9,(anonymous_3)
FNDA:1,(anonymous_4)
FNDA:1,(anonymous_5)
FNDA:1,(anonymous_6)
DA:1,3
DA:2,13
DA:3,13
DA:4,13
DA:5,13
DA:6,13
DA:7,13
DA:8,13
DA:9,13
DA:10,13
DA:11,13
LF:11
LH:11
BRF:0
BRH:0
end_of_record
TN:
SF:controllers/authController.js
FN:4,login
FN:33,logout
FN:42,me
FNF:3
FNH:3
FNDA:2,login
FNDA:1,logout
FNDA:3,me
DA:1,1
DA:2,1
DA:5,2
DA:6,2
DA:7,2
DA:8,2
DA:9,1
DA:12,1
DA:19,1
DA:26,1
DA:28,0
DA:29,0
DA:34,1
DA:39,1
DA:43,3
DA:44,3
DA:45,2
DA:46,2
DA:47,1
DA:49,1
DA:53,1
LF:21
LH:19
BRDA:5,0,0,2
BRDA:5,0,1,0
BRDA:8,1,0,1
BRDA:8,1,1,1
BRDA:8,2,0,2
BRDA:8,2,1,1
BRDA:43,3,0,3
BRDA:43,3,1,3
BRDA:44,4,0,1
BRDA:44,4,1,2
BRF:10
BRH:9
end_of_record
TN:
SF:controllers/barcodesController.js
FN:4,getBarcode
FNF:1
FNH:1
FNDA:2,getBarcode
DA:1,1
DA:5,2
DA:6,2
DA:7,1
DA:8,1
DA:16,1
DA:17,1
DA:19,0
DA:20,0
DA:25,1
LF:10
LH:8
BRDA:5,0,0,2
BRDA:5,0,1,2
BRDA:5,0,2,1
BRDA:6,1,0,1
BRDA:6,1,1,1
BRF:5
BRH:5
end_of_record
TN:
SF:controllers/jobsController.js
FN:4,listJobs
FN:10,createJob
FNF:2
FNH:2
FNDA:1,listJobs
FNDA:1,createJob
DA:1,1
DA:5,1
DA:6,0
DA:11,1
DA:12,1
DA:13,1
DA:15,0
DA:16,0
DA:21,1
LF:9
LH:6
BRDA:12,0,0,1
BRDA:12,0,1,0
BRDA:15,1,0,0
BRDA:15,1,1,0
BRDA:15,2,0,0
BRDA:15,2,1,0
BRF:6
BRH:1
end_of_record
